<?xml version="1.0" encoding="UTF-8"?><testsuite errors="1" failures="0" name="New employee registration process" skipped="0" tests="1" time="1.39" timestamp="2018-08-13 11:32:04"><testcase name="Registrar nuevo empleado"><error message="Superclass has no null constructors but no arguments were given" type="java.lang.IllegalArgumentException">Superclass has no null constructors but no arguments were given</error><system-err>Superclass has no null constructors but no arguments were given&#13;
co.com.proyectobase.screenplay.tasks.OpenPage.ThePageOrangeHR(OpenPage.java:28)&#13;
co.com.proyectobase.screenplay.stepdefinitions.OrangeHRStepDefinitions.juanNeedsToCreateAnEmployeeInTheOrageHR(OrangeHRStepDefinitions.java:33)&#13;
✽.Juan needs to create an employee in the OrageHR(src/test/resources/features/OrangeHR.feature:10)&#13;
</system-err></testcase></testsuite>